{"C:\\Users\\hhb72\\OneDrive\\문서\\GitHub\\namegacha_frontend\\Name-Gacha\\src\\__test__\\App.test.jsx": {"path":"C:\\Users\\hhb72\\OneDrive\\문서\\GitHub\\namegacha_frontend\\Name-Gacha\\src\\__test__\\App.test.jsx","all":false,"statementMap":{"0":{"start":{"line":1,"column":0},"end":{"line":1,"column":59}},"1":{"start":{"line":2,"column":0},"end":{"line":2,"column":46}},"3":{"start":{"line":4,"column":0},"end":{"line":4,"column":27}},"4":{"start":{"line":5,"column":0},"end":{"line":5,"column":29}},"5":{"start":{"line":6,"column":0},"end":{"line":6,"column":30}},"6":{"start":{"line":7,"column":0},"end":{"line":7,"column":7}},"7":{"start":{"line":8,"column":0},"end":{"line":8,"column":3}}},"s":{"0":1,"1":1,"3":1,"4":1,"5":1,"6":1,"7":1},"branchMap":{"0":{"type":"branch","line":4,"loc":{"start":{"line":4,"column":20},"end":{"line":8,"column":3}},"locations":[{"start":{"line":4,"column":20},"end":{"line":8,"column":3}}]},"1":{"type":"branch","line":5,"loc":{"start":{"line":5,"column":22},"end":{"line":7,"column":5}},"locations":[{"start":{"line":5,"column":22},"end":{"line":7,"column":5}}]}},"b":{"0":[1],"1":[1]},"fnMap":{},"f":{}}
}
